<?xml version="1.0" encoding="UTF-8"?>
<!-- Generated by org.testng.reporters.JUnitReportReporter -->
<testsuite hostname="LAPTOP-FBD5JB60" failures="0" tests="1" name="com.inetBanking.testCases.TC_AddCustomerTest_003" time="13.544" errors="0" timestamp="2020-08-09T14:10:27 EDT" skipped="0">
  <testcase classname="com.inetBanking.testCases.TC_AddCustomerTest_003" name="addNewCustomer" time="13.544"/>
  <system-out/>
</testsuite> <!-- com.inetBanking.testCases.TC_AddCustomerTest_003 -->
