<?xml version="1.0" encoding="UTF-8"?>
<!-- Generated by org.testng.reporters.JUnitReportReporter -->
<testsuite hostname="LAPTOP-FBD5JB60" failures="0" tests="1" name="com.inetBanking.testCases.TC_AddCustomerTest_003" time="15.156" errors="0" timestamp="10 Aug 2020 02:05:32 GMT" skipped="0">
  <testcase classname="com.inetBanking.testCases.TC_AddCustomerTest_003" name="addNewCustomer" time="15.156"/>
</testsuite> <!-- com.inetBanking.testCases.TC_AddCustomerTest_003 -->
