<?xml version="1.0" encoding="UTF-8"?>
<!-- Generated by org.testng.reporters.JUnitReportReporter -->
<testsuite hostname="LAPTOP-FBD5JB60" failures="0" tests="1" name="com.inetBanking.testCases.TC_LoginTest_001" time="0.875" errors="0" timestamp="10 Aug 2020 02:05:32 GMT" skipped="0">
  <testcase classname="com.inetBanking.testCases.TC_LoginTest_001" name="loginTest" time="0.875"/>
</testsuite> <!-- com.inetBanking.testCases.TC_LoginTest_001 -->
